============================= test session starts ==============================
platform linux -- Python 3.12.3, pytest-9.0.2, pluggy-1.6.0 -- /usr/bin/python3
cachedir: .pytest_cache
rootdir: /mnt/c/Users/GSRAJA/Desktop/IIT GN/sem6/databases/Assignments/Assignment-3/Module_A
collecting ... collected 43 items

tests/test_acid_additional.py::TestAdditionalACIDScenarios::test_concurrent_same_row_updates_do_not_allow_two_successful_commits FAILED [  2%]
tests/test_acid_additional.py::TestAdditionalACIDScenarios::test_duplicate_primary_key_in_tx_rolls_back_all_staged_rows PASSED [  4%]
tests/test_acid_additional.py::TestAdditionalACIDScenarios::test_large_transaction_rollback_leaves_no_partial_rows PASSED [  6%]
tests/test_acid_additional.py::TestAdditionalACIDScenarios::test_recovery_replays_only_committed_transactions_after_crash PASSED [  9%]
tests/test_atomicity_context_manager.py::TestAtomicityWithContextManager::test_context_manager_commits_all_when_no_error PASSED [ 11%]
tests/test_atomicity_context_manager.py::TestAtomicityWithContextManager::test_context_manager_rolls_back_all_on_mid_transaction_signal PASSED [ 13%]
tests/test_atomicity_context_manager.py::TestAtomicityWithContextManager::test_context_manager_rolls_back_all_when_error_occurs PASSED [ 16%]
tests/test_atomicity_context_manager.py::TestAtomicityWithContextManager::test_power_failure_mid_transaction_has_no_committed_operations PASSED [ 18%]
tests/test_consistency.py::TestConsistency::test_foreign_key_constraints_reject_missing_references PASSED [ 20%]
tests/test_consistency.py::TestConsistency::test_member_constraints_reject_invalid_values PASSED [ 23%]
tests/test_consistency.py::TestConsistency::test_ride_cross_column_constraints_reject_invalid_values PASSED [ 25%]
tests/test_consistency.py::TestConsistency::test_valid_chain_insert_succeeds PASSED [ 27%]
tests/test_durability_acid.py::TestDurabilityACID::test_committed_data_persists_across_follow_up_transactions PASSED [ 30%]
tests/test_durability_acid.py::TestDurabilityACID::test_power_failure_after_commit_preserves_committed_wal_state PASSED [ 32%]
tests/test_durability_acid.py::TestDurabilityACID::test_power_failure_before_commit_keeps_wal_uncommitted PASSED [ 34%]
tests/test_durability_acid.py::TestDurabilityACID::test_sigint_after_commit_preserves_committed_state PASSED [ 37%]
tests/test_durability_acid.py::TestDurabilityACID::test_sigint_inside_transaction_rolls_back_uncommitted_changes PASSED [ 39%]
tests/test_durability_acid.py::TestDurabilityACID::test_wal_contains_commit_record_after_successful_commit PASSED [ 41%]
tests/test_foreign_keys.py::TestForeignKeys::test_delete_cascade_recursive PASSED [ 44%]
tests/test_foreign_keys.py::TestForeignKeys::test_delete_failure_referenced_row PASSED [ 46%]
tests/test_foreign_keys.py::TestForeignKeys::test_delete_success_unreferenced_row PASSED [ 48%]
tests/test_foreign_keys.py::TestForeignKeys::test_insert_failure_nonexistent_foreign_key PASSED [ 51%]
tests/test_foreign_keys.py::TestForeignKeys::test_insert_null_foreign_key PASSED [ 53%]
tests/test_foreign_keys.py::TestForeignKeys::test_insert_success PASSED  [ 55%]
tests/test_foreign_keys.py::TestForeignKeys::test_multiple_foreign_keys PASSED [ 58%]
tests/test_foreign_keys.py::TestForeignKeys::test_update_failure_nonexistent_foreign_key PASSED [ 60%]
tests/test_foreign_keys.py::TestForeignKeys::test_update_success PASSED  [ 62%]
tests/test_integrity_checks.py::TestIntegrityChecks::test_bookings_distance_check_and_fk PASSED [ 65%]
tests/test_integrity_checks.py::TestIntegrityChecks::test_cascade_delete_from_rides_to_bookings PASSED [ 67%]
tests/test_integrity_checks.py::TestIntegrityChecks::test_insert_valid_members_rides_bookings_chain PASSED [ 69%]
tests/test_integrity_checks.py::TestIntegrityChecks::test_invalid_integrity_configuration PASSED [ 72%]
tests/test_integrity_checks.py::TestIntegrityChecks::test_members_not_null_and_domain_checks PASSED [ 74%]
tests/test_integrity_checks.py::TestIntegrityChecks::test_members_update_reputation_range_check PASSED [ 76%]
tests/test_integrity_checks.py::TestIntegrityChecks::test_rides_cross_column_checks PASSED [ 79%]
tests/test_integrity_checks.py::TestIntegrityChecks::test_rides_fk_host_member_enforced PASSED [ 81%]
tests/test_integrity_checks.py::TestIntegrityChecks::test_transaction_enforces_checks PASSED [ 83%]
tests/test_isolation_acid.py::TestIsolationACID::test_concurrent_reader_cannot_see_uncommitted_update PASSED [ 86%]
tests/test_isolation_acid.py::TestIsolationACID::test_concurrent_transactions_across_threads_can_both_commit PASSED [ 88%]
tests/test_isolation_acid.py::TestIsolationACID::test_second_transaction_in_same_thread_is_rejected PASSED [ 90%]
tests/test_isolation_acid.py::TestIsolationACID::test_tx_select_all_and_range_reflect_staged_state_only PASSED [ 93%]
tests/test_isolation_acid.py::TestIsolationACID::test_uncommitted_delete_not_visible_outside_transaction PASSED [ 95%]
tests/test_isolation_acid.py::TestIsolationACID::test_uncommitted_insert_not_visible_outside_transaction PASSED [ 97%]
tests/test_isolation_acid.py::TestIsolationACID::test_uncommitted_update_not_visible_outside_transaction PASSED [100%]

=================================== FAILURES ===================================
_ TestAdditionalACIDScenarios.test_concurrent_same_row_updates_do_not_allow_two_successful_commits _

self = <test_acid_additional.TestAdditionalACIDScenarios testMethod=test_concurrent_same_row_updates_do_not_allow_two_successful_commits>

    def test_concurrent_same_row_updates_do_not_allow_two_successful_commits(self):
        members = self.db.get_table("Members")
    
        start_commit = threading.Event()
        finished = threading.Event()
        results = []
    
        def worker(member_score):
            try:
                with self.db.begin_transaction() as tx:
                    members.update_row(1, {"Reputation_Score": member_score}, tx=tx)
                    start_commit.wait(timeout=2)
                results.append("commit")
            except Exception:
                results.append("fail")
            finally:
                if len(results) == 2:
                    finished.set()
    
        t1 = threading.Thread(target=worker, args=(4.1,))
        t2 = threading.Thread(target=worker, args=(4.3,))
    
        t1.start()
        t2.start()
    
        start_commit.set()
        finished.wait(timeout=3)
    
        t1.join(timeout=2)
        t2.join(timeout=2)
    
        # Strict isolation expectation: at most one writer should successfully commit.
>       self.assertLessEqual(results.count("commit"), 1)
E       AssertionError: 2 not less than or equal to 1

tests/test_acid_additional.py:267: AssertionError
=========================== short test summary info ============================
FAILED tests/test_acid_additional.py::TestAdditionalACIDScenarios::test_concurrent_same_row_updates_do_not_allow_two_successful_commits
======================== 1 failed, 42 passed in 16.22s =========================
